<?xml version="1.0" encoding="UTF-8"?>
<!-- Generated by org.testng.reporters.JUnitXMLReporter -->
<testsuite hostname="Rkreddy" ignored="0" name="Test" tests="1" failures="0" timestamp="24 Mar 2017 18:31:53 GMT" time="0.077" errors="0">
  <testcase name="@BeforeTest beforeTest" time="0.0" classname="com.automation.testcases.Selenium_Keyword">
    <failure type="java.lang.IllegalStateException" message="The driver executable does not exist: C:\GitRepo\IndeedProject\null\src\test\java\com\automation\drivers\chromedriver.exe">
      <![CDATA[java.lang.IllegalStateException: The driver executable does not exist: C:\GitRepo\IndeedProject\null\src\test\java\com\automation\drivers\chromedriver.exe
	at com.google.common.base.Preconditions.checkState(Preconditions.java:199)
	at org.openqa.selenium.remote.service.DriverService.checkExecutable(DriverService.java:117)
	at org.openqa.selenium.remote.service.DriverService.findExecutable(DriverService.java:112)
	at org.openqa.selenium.chrome.ChromeDriverService.createDefaultService(ChromeDriverService.java:89)
	at org.openqa.selenium.chrome.ChromeDriver.<init>(ChromeDriver.java:117)
	at com.automation.functionlibrary.FunctionLibrary.setUp(FunctionLibrary.java:21)
	at com.automation.testcases.Selenium_Keyword.beforeTest(Selenium_Keyword.java:21)
... Removed 23 stack frames]]>
    </failure>
  </testcase> <!-- @BeforeTest beforeTest -->
  <testcase name="TC0001" time="0.001" classname="com.automation.testcases.Selenium_Keyword">
    <skipped/>
  </testcase> <!-- TC0001 -->
</testsuite> <!-- Test -->
